<?xml version="1.0" encoding="UTF-8"?>
<testsuite name="katas.CalculatorTest" tests="8" skipped="0" failures="0" errors="0" timestamp="2022-06-07T12:14:25" hostname="iMac-de-Joan.local" time="0.031">
  <properties/>
  <testcase name="calculatormMaj()" classname="katas.CalculatorTest" time="0.02"/>
  <testcase name="calculatorPar()" classname="katas.CalculatorTest" time="0.001"/>
  <testcase name="calculatorRestNumTotal()" classname="katas.CalculatorTest" time="0.001"/>
  <testcase name="calculatorStartsZero()" classname="katas.CalculatorTest" time="0.001"/>
  <testcase name="calculatorResidu()" classname="katas.CalculatorTest" time="0.001"/>
  <testcase name="calculatorMulNumTotal()" classname="katas.CalculatorTest" time="0.001"/>
  <testcase name="calculatorSumNumTotal()" classname="katas.CalculatorTest" time="0.0"/>
  <testcase name="calculatorDivNumTotal()" classname="katas.CalculatorTest" time="0.001"/>
  <system-out><![CDATA[]]></system-out>
  <system-err><![CDATA[]]></system-err>
</testsuite>
