<?xml version="1.0" encoding="UTF-8"?>
<testsuite name="biblio.AuthorTest" tests="2" skipped="0" failures="0" errors="0" timestamp="2022-06-13T08:20:00" hostname="iMac-de-Joan.local" time="0.022">
  <properties/>
  <testcase name="authorCanAddABook()" classname="biblio.AuthorTest" time="0.019"/>
  <testcase name="AuthorCanCountBooks()" classname="biblio.AuthorTest" time="0.001"/>
  <system-out><![CDATA[]]></system-out>
  <system-err><![CDATA[]]></system-err>
</testsuite>
