<?xml version="1.0" encoding="UTF-8"?>
<testsuite name="katas.FizzBuzzTest" tests="1" skipped="0" failures="0" errors="0" timestamp="2022-06-09T18:33:19" hostname="iMac-de-Joan.local" time="0.017">
  <properties/>
  <testcase name="fizzBuzz()" classname="katas.FizzBuzzTest" time="0.017"/>
  <system-out><![CDATA[]]></system-out>
  <system-err><![CDATA[]]></system-err>
</testsuite>
